# JRE version: OpenJDK Runtime Environment Temurin-17.0.13+11 (17.0.13+11) (build 17.0.13+11)
# Java VM: OpenJDK 64-Bit Server VM Temurin-17.0.13+11 (17.0.13+11, mixed mode, tiered, compressed oops, compressed class ptrs, parallel gc, windows-amd64)
GC Precious Log:
 CPUs: 12 total, 12 available
 Memory: 7916M
 Large Page Support: Disabled
 NUMA Support: Disabled
 Compressed Oops: Enabled (32-bit)
 Alignments: Space 512K, Generation 512K, Heap 2M
 Heap Min Capacity: 100M
 Heap Initial Capacity: 100M
 Heap Max Capacity: 1G
 Pre-touch: Disabled
 Parallel Workers: 10
Heap:
 PSYoungGen      total 15872K, used 4459K [0x00000000eab00000, 0x00000000ebd00000, 0x0000000100000000)
  eden space 14848K, 24% used [0x00000000eab00000,0x00000000eae82d00,0x00000000eb980000)
  from space 1024K, 84% used [0x00000000eb980000,0x00000000eba58000,0x00000000eba80000)
  to   space 1536K, 0% used [0x00000000ebb80000,0x00000000ebb80000,0x00000000ebd00000)
 ParOldGen       total 88576K, used 82665K [0x00000000c0000000, 0x00000000c5680000, 0x00000000eab00000)
  object space 88576K, 93% used [0x00000000c0000000,0x00000000c50ba748,0x00000000c5680000)
 Metaspace       used 77597K, committed 78784K, reserved 1179648K
  class space    used 8159K, committed 8640K, reserved 1048576K
GC Heap History (20 events):
Event: 78.796 GC heap before
{Heap before GC invocations=66 (full 4):
 PSYoungGen      total 18944K, used 18940K [0x00000000eab00000, 0x00000000ebf80000, 0x0000000100000000)
  eden space 18432K, 100% used [0x00000000eab00000,0x00000000ebd00000,0x00000000ebd00000)
  from space 512K, 99% used [0x00000000ebf00000,0x00000000ebf7f230,0x00000000ebf80000)
  to   space 1024K, 0% used [0x00000000ebd80000,0x00000000ebd80000,0x00000000ebe80000)
 ParOldGen       total 88576K, used 70639K [0x00000000c0000000, 0x00000000c5680000, 0x00000000eab00000)
  object space 88576K, 79% used [0x00000000c0000000,0x00000000c44fbfa8,0x00000000c5680000)
 Metaspace       used 73807K, committed 75008K, reserved 1179648K
  class space    used 7872K, committed 8384K, reserved 1048576K
}
Event: 78.798 GC heap after
{Heap after GC invocations=66 (full 4):
 PSYoungGen      total 19456K, used 480K [0x00000000eab00000, 0x00000000ebf80000, 0x0000000100000000)
  eden space 18432K, 0% used [0x00000000eab00000,0x00000000eab00000,0x00000000ebd00000)
  from space 1024K, 46% used [0x00000000ebd80000,0x00000000ebdf8000,0x00000000ebe80000)
  to   space 1024K, 0% used [0x00000000ebe80000,0x00000000ebe80000,0x00000000ebf80000)
 ParOldGen       total 88576K, used 71063K [0x00000000c0000000, 0x00000000c5680000, 0x00000000eab00000)
  object space 88576K, 80% used [0x00000000c0000000,0x00000000c4565ff8,0x00000000c5680000)
 Metaspace       used 73807K, committed 75008K, reserved 1179648K
  class space    used 7872K, committed 8384K, reserved 1048576K
}
Event: 78.852 GC heap before
{Heap before GC invocations=67 (full 4):
 PSYoungGen      total 19456K, used 18912K [0x00000000eab00000, 0x00000000ebf80000, 0x0000000100000000)
  eden space 18432K, 100% used [0x00000000eab00000,0x00000000ebd00000,0x00000000ebd00000)
  from space 1024K, 46% used [0x00000000ebd80000,0x00000000ebdf8000,0x00000000ebe80000)
  to   space 1024K, 0% used [0x00000000ebe80000,0x00000000ebe80000,0x00000000ebf80000)
 ParOldGen       total 88576K, used 71063K [0x00000000c0000000, 0x00000000c5680000, 0x00000000eab00000)
  object space 88576K, 80% used [0x00000000c0000000,0x00000000c4565ff8,0x00000000c5680000)
 Metaspace       used 73807K, committed 75008K, reserved 1179648K
  class space    used 7872K, committed 8384K, reserved 1048576K
}
Event: 78.856 GC heap after
{Heap after GC invocations=67 (full 4):
 PSYoungGen      total 19456K, used 928K [0x00000000eab00000, 0x00000000ebf80000, 0x0000000100000000)
  eden space 18432K, 0% used [0x00000000eab00000,0x00000000eab00000,0x00000000ebd00000)
  from space 1024K, 90% used [0x00000000ebe80000,0x00000000ebf68000,0x00000000ebf80000)
  to   space 1024K, 0% used [0x00000000ebd80000,0x00000000ebd80000,0x00000000ebe80000)
 ParOldGen       total 88576K, used 71487K [0x00000000c0000000, 0x00000000c5680000, 0x00000000eab00000)
  object space 88576K, 80% used [0x00000000c0000000,0x00000000c45cfc10,0x00000000c5680000)
 Metaspace       used 73807K, committed 75008K, reserved 1179648K
  class space    used 7872K, committed 8384K, reserved 1048576K
}
Event: 78.877 GC heap before
{Heap before GC invocations=68 (full 4):
 PSYoungGen      total 19456K, used 19360K [0x00000000eab00000, 0x00000000ebf80000, 0x0000000100000000)
  eden space 18432K, 100% used [0x00000000eab00000,0x00000000ebd00000,0x00000000ebd00000)
  from space 1024K, 90% used [0x00000000ebe80000,0x00000000ebf68000,0x00000000ebf80000)
  to   space 1024K, 0% used [0x00000000ebd80000,0x00000000ebd80000,0x00000000ebe80000)
 ParOldGen       total 88576K, used 71487K [0x00000000c0000000, 0x00000000c5680000, 0x00000000eab00000)
  object space 88576K, 80% used [0x00000000c0000000,0x00000000c45cfc10,0x00000000c5680000)
 Metaspace       used 73807K, committed 75008K, reserved 1179648K
  class space    used 7872K, committed 8384K, reserved 1048576K
}
Event: 78.881 GC heap after
{Heap after GC invocations=68 (full 4):
 PSYoungGen      total 19456K, used 768K [0x00000000eab00000, 0x00000000ebf00000, 0x0000000100000000)
  eden space 18432K, 0% used [0x00000000eab00000,0x00000000eab00000,0x00000000ebd00000)
  from space 1024K, 75% used [0x00000000ebd80000,0x00000000ebe40000,0x00000000ebe80000)
  to   space 512K, 0% used [0x00000000ebe80000,0x00000000ebe80000,0x00000000ebf00000)
 ParOldGen       total 88576K, used 72269K [0x00000000c0000000, 0x00000000c5680000, 0x00000000eab00000)
  object space 88576K, 81% used [0x00000000c0000000,0x00000000c4693490,0x00000000c5680000)
 Metaspace       used 73807K, committed 75008K, reserved 1179648K
  class space    used 7872K, committed 8384K, reserved 1048576K
}
Event: 78.910 GC heap before
{Heap before GC invocations=69 (full 4):
 PSYoungGen      total 19456K, used 19200K [0x00000000eab00000, 0x00000000ebf00000, 0x0000000100000000)
  eden space 18432K, 100% used [0x00000000eab00000,0x00000000ebd00000,0x00000000ebd00000)
  from space 1024K, 75% used [0x00000000ebd80000,0x00000000ebe40000,0x00000000ebe80000)
  to   space 512K, 0% used [0x00000000ebe80000,0x00000000ebe80000,0x00000000ebf00000)
 ParOldGen       total 88576K, used 72269K [0x00000000c0000000, 0x00000000c5680000, 0x00000000eab00000)
  object space 88576K, 81% used [0x00000000c0000000,0x00000000c4693490,0x00000000c5680000)
 Metaspace       used 73807K, committed 75008K, reserved 1179648K
  class space    used 7872K, committed 8384K, reserved 1048576K
}
Event: 78.911 GC heap after
{Heap after GC invocations=69 (full 4):
 PSYoungGen      total 18944K, used 352K [0x00000000eab00000, 0x00000000ebf00000, 0x0000000100000000)
  eden space 18432K, 0% used [0x00000000eab00000,0x00000000eab00000,0x00000000ebd00000)
  from space 512K, 68% used [0x00000000ebe80000,0x00000000ebed8000,0x00000000ebf00000)
  to   space 1024K, 0% used [0x00000000ebd00000,0x00000000ebd00000,0x00000000ebe00000)
 ParOldGen       total 88576K, used 72985K [0x00000000c0000000, 0x00000000c5680000, 0x00000000eab00000)
  object space 88576K, 82% used [0x00000000c0000000,0x00000000c47467f8,0x00000000c5680000)
 Metaspace       used 73807K, committed 75008K, reserved 1179648K
  class space    used 7872K, committed 8384K, reserved 1048576K
}
Event: 78.960 GC heap before
{Heap before GC invocations=70 (full 4):
 PSYoungGen      total 18944K, used 18784K [0x00000000eab00000, 0x00000000ebf00000, 0x0000000100000000)
  eden space 18432K, 100% used [0x00000000eab00000,0x00000000ebd00000,0x00000000ebd00000)
  from space 512K, 68% used [0x00000000ebe80000,0x00000000ebed8000,0x00000000ebf00000)
  to   space 1024K, 0% used [0x00000000ebd00000,0x00000000ebd00000,0x00000000ebe00000)
 ParOldGen       total 88576K, used 72985K [0x00000000c0000000, 0x00000000c5680000, 0x00000000eab00000)
  object space 88576K, 82% used [0x00000000c0000000,0x00000000c47467f8,0x00000000c5680000)
 Metaspace       used 73824K, committed 75008K, reserved 1179648K
  class space    used 7874K, committed 8384K, reserved 1048576K
}
Event: 78.961 GC heap after
{Heap after GC invocations=70 (full 4):
 PSYoungGen      total 19456K, used 352K [0x00000000eab00000, 0x00000000ebf00000, 0x0000000100000000)
  eden space 18432K, 0% used [0x00000000eab00000,0x00000000eab00000,0x00000000ebd00000)
  from space 1024K, 34% used [0x00000000ebd00000,0x00000000ebd58000,0x00000000ebe00000)
  to   space 512K, 0% used [0x00000000ebe80000,0x00000000ebe80000,0x00000000ebf00000)
 ParOldGen       total 88576K, used 73193K [0x00000000c0000000, 0x00000000c5680000, 0x00000000eab00000)
  object space 88576K, 82% used [0x00000000c0000000,0x00000000c477a7f8,0x00000000c5680000)
 Metaspace       used 73824K, committed 75008K, reserved 1179648K
  class space    used 7874K, committed 8384K, reserved 1048576K
}
Event: 79.281 GC heap before
{Heap before GC invocations=71 (full 4):
 PSYoungGen      total 19456K, used 18784K [0x00000000eab00000, 0x00000000ebf00000, 0x0000000100000000)
  eden space 18432K, 100% used [0x00000000eab00000,0x00000000ebd00000,0x00000000ebd00000)
  from space 1024K, 34% used [0x00000000ebd00000,0x00000000ebd58000,0x00000000ebe00000)
  to   space 512K, 0% used [0x00000000ebe80000,0x00000000ebe80000,0x00000000ebf00000)
 ParOldGen       total 88576K, used 73193K [0x00000000c0000000, 0x00000000c5680000, 0x00000000eab00000)
  object space 88576K, 82% used [0x00000000c0000000,0x00000000c477a7f8,0x00000000c5680000)
 Metaspace       used 74041K, committed 75200K, reserved 1179648K
  class space    used 7890K, committed 8384K, reserved 1048576K
}
Event: 79.287 GC heap after
{Heap after GC invocations=71 (full 4):
 PSYoungGen      total 17920K, used 512K [0x00000000eab00000, 0x00000000ec200000, 0x0000000100000000)
  eden space 17408K, 0% used [0x00000000eab00000,0x00000000eab00000,0x00000000ebc00000)
  from space 512K, 100% used [0x00000000ebe80000,0x00000000ebf00000,0x00000000ebf00000)
  to   space 2560K, 0% used [0x00000000ebc00000,0x00000000ebc00000,0x00000000ebe80000)
 ParOldGen       total 88576K, used 74633K [0x00000000c0000000, 0x00000000c5680000, 0x00000000eab00000)
  object space 88576K, 84% used [0x00000000c0000000,0x00000000c48e24c0,0x00000000c5680000)
 Metaspace       used 74041K, committed 75200K, reserved 1179648K
  class space    used 7890K, committed 8384K, reserved 1048576K
}
Event: 79.651 GC heap before
{Heap before GC invocations=72 (full 4):
 PSYoungGen      total 17920K, used 17920K [0x00000000eab00000, 0x00000000ec200000, 0x0000000100000000)
  eden space 17408K, 100% used [0x00000000eab00000,0x00000000ebc00000,0x00000000ebc00000)
  from space 512K, 100% used [0x00000000ebe80000,0x00000000ebf00000,0x00000000ebf00000)
  to   space 2560K, 0% used [0x00000000ebc00000,0x00000000ebc00000,0x00000000ebe80000)
 ParOldGen       total 88576K, used 74633K [0x00000000c0000000, 0x00000000c5680000, 0x00000000eab00000)
  object space 88576K, 84% used [0x00000000c0000000,0x00000000c48e24c0,0x00000000c5680000)
 Metaspace       used 74597K, committed 75840K, reserved 1179648K
  class space    used 7928K, committed 8448K, reserved 1048576K
}
Event: 79.654 GC heap after
{Heap after GC invocations=72 (full 4):
 PSYoungGen      total 19456K, used 1637K [0x00000000eab00000, 0x00000000ec000000, 0x0000000100000000)
  eden space 17408K, 0% used [0x00000000eab00000,0x00000000eab00000,0x00000000ebc00000)
  from space 2048K, 79% used [0x00000000ebc00000,0x00000000ebd99730,0x00000000ebe00000)
  to   space 2048K, 0% used [0x00000000ebe00000,0x00000000ebe00000,0x00000000ec000000)
 ParOldGen       total 88576K, used 75129K [0x00000000c0000000, 0x00000000c5680000, 0x00000000eab00000)
  object space 88576K, 84% used [0x00000000c0000000,0x00000000c495e4c0,0x00000000c5680000)
 Metaspace       used 74597K, committed 75840K, reserved 1179648K
  class space    used 7928K, committed 8448K, reserved 1048576K
}
Event: 80.125 GC heap before
{Heap before GC invocations=73 (full 4):
 PSYoungGen      total 19456K, used 19045K [0x00000000eab00000, 0x00000000ec000000, 0x0000000100000000)
  eden space 17408K, 100% used [0x00000000eab00000,0x00000000ebc00000,0x00000000ebc00000)
  from space 2048K, 79% used [0x00000000ebc00000,0x00000000ebd99730,0x00000000ebe00000)
  to   space 2048K, 0% used [0x00000000ebe00000,0x00000000ebe00000,0x00000000ec000000)
 ParOldGen       total 88576K, used 75129K [0x00000000c0000000, 0x00000000c5680000, 0x00000000eab00000)
  object space 88576K, 84% used [0x00000000c0000000,0x00000000c495e4c0,0x00000000c5680000)
 Metaspace       used 75635K, committed 76864K, reserved 1179648K
  class space    used 8023K, committed 8576K, reserved 1048576K
}
Event: 80.131 GC heap after
{Heap after GC invocations=73 (full 4):
 PSYoungGen      total 16896K, used 2016K [0x00000000eab00000, 0x00000000ec500000, 0x0000000100000000)
  eden space 14848K, 0% used [0x00000000eab00000,0x00000000eab00000,0x00000000eb980000)
  from space 2048K, 98% used [0x00000000ebe00000,0x00000000ebff8020,0x00000000ec000000)
  to   space 4608K, 0% used [0x00000000eb980000,0x00000000eb980000,0x00000000ebe00000)
 ParOldGen       total 88576K, used 77161K [0x00000000c0000000, 0x00000000c5680000, 0x00000000eab00000)
  object space 88576K, 87% used [0x00000000c0000000,0x00000000c4b5a498,0x00000000c5680000)
 Metaspace       used 75635K, committed 76864K, reserved 1179648K
  class space    used 8023K, committed 8576K, reserved 1048576K
}
Event: 80.454 GC heap before
{Heap before GC invocations=74 (full 4):
 PSYoungGen      total 16896K, used 16864K [0x00000000eab00000, 0x00000000ec500000, 0x0000000100000000)
  eden space 14848K, 100% used [0x00000000eab00000,0x00000000eb980000,0x00000000eb980000)
  from space 2048K, 98% used [0x00000000ebe00000,0x00000000ebff8020,0x00000000ec000000)
  to   space 4608K, 0% used [0x00000000eb980000,0x00000000eb980000,0x00000000ebe00000)
 ParOldGen       total 88576K, used 77161K [0x00000000c0000000, 0x00000000c5680000, 0x00000000eab00000)
  object space 88576K, 87% used [0x00000000c0000000,0x00000000c4b5a498,0x00000000c5680000)
 Metaspace       used 76330K, committed 77568K, reserved 1179648K
  class space    used 8086K, committed 8640K, reserved 1048576K
}
Event: 80.463 GC heap after
{Heap after GC invocations=74 (full 4):
 PSYoungGen      total 16896K, used 1894K [0x00000000eab00000, 0x00000000ebf80000, 0x0000000100000000)
  eden space 14848K, 0% used [0x00000000eab00000,0x00000000eab00000,0x00000000eb980000)
  from space 2048K, 92% used [0x00000000eb980000,0x00000000ebb599e0,0x00000000ebb80000)
  to   space 3072K, 0% used [0x00000000ebc80000,0x00000000ebc80000,0x00000000ebf80000)
 ParOldGen       total 88576K, used 79084K [0x00000000c0000000, 0x00000000c5680000, 0x00000000eab00000)
  object space 88576K, 89% used [0x00000000c0000000,0x00000000c4d3b098,0x00000000c5680000)
 Metaspace       used 76330K, committed 77568K, reserved 1179648K
  class space    used 8086K, committed 8640K, reserved 1048576K
}
Event: 81.226 GC heap before
{Heap before GC invocations=75 (full 4):
 PSYoungGen      total 16896K, used 16742K [0x00000000eab00000, 0x00000000ebf80000, 0x0000000100000000)
  eden space 14848K, 100% used [0x00000000eab00000,0x00000000eb980000,0x00000000eb980000)
  from space 2048K, 92% used [0x00000000eb980000,0x00000000ebb599e0,0x00000000ebb80000)
  to   space 3072K, 0% used [0x00000000ebc80000,0x00000000ebc80000,0x00000000ebf80000)
 ParOldGen       total 88576K, used 79084K [0x00000000c0000000, 0x00000000c5680000, 0x00000000eab00000)
  object space 88576K, 89% used [0x00000000c0000000,0x00000000c4d3b098,0x00000000c5680000)
 Metaspace       used 77343K, committed 78528K, reserved 1179648K
  class space    used 8121K, committed 8640K, reserved 1048576K
}
Event: 81.231 GC heap after
{Heap after GC invocations=75 (full 4):
 PSYoungGen      total 16896K, used 1988K [0x00000000eab00000, 0x00000000ebe80000, 0x0000000100000000)
  eden space 14848K, 0% used [0x00000000eab00000,0x00000000eab00000,0x00000000eb980000)
  from space 2048K, 97% used [0x00000000ebc80000,0x00000000ebe71378,0x00000000ebe80000)
  to   space 2560K, 0% used [0x00000000eb980000,0x00000000eb980000,0x00000000ebc00000)
 ParOldGen       total 88576K, used 80801K [0x00000000c0000000, 0x00000000c5680000, 0x00000000eab00000)
  object space 88576K, 91% used [0x00000000c0000000,0x00000000c4ee84b0,0x00000000c5680000)
 Metaspace       used 77343K, committed 78528K, reserved 1179648K
  class space    used 8121K, committed 8640K, reserved 1048576K
}

